[    2064ms] [ERROR] The script resource is behind a redirect, which is disallowed. @ :0
[    2041ms] [LOG] checkRepeaterAdsOnPage ran [div] @ https://cdn-adm.pbstck.com/extra-scripts/337feb8f/6566e9c6/incrementor.1737388771934.js:5
[    2173ms] [LOG] Snack AB Test Variant: pubstack_original @ https://cdn-adm.pbstck.com/extra-scripts/337feb8f/669597c6/snack_no_cmp_ab_track_site.1770726791792.js:107
[    2237ms] [ERROR] Access to script at 'https://snackmedia-ron-tagan.adlightning.com/op.js' from origin 'https://www.whoscored.com' has been blocked by CORS policy: No 'Access-Control-Allow-Origin' header is present on the requested resource. @ https://www.whoscored.com/matches/1821049/live:0
[    2237ms] [ERROR] Failed to load resource: net::ERR_FAILED @ https://snackmedia-ron-tagan.adlightning.com/op.js:0
[    2520ms] [WARNING] [GPT] PubAdsService.enableSingleRequest is deprecated, use googletag.setConfig({singleRequest: ...}) instead.
https://goo.gle/gpt-message#170 @ https://securepubads.g.doubleclick.net/pagead/managed/js/gpt/m202607160101/pubads_impl.js:18
[    2958ms] [ERROR] Failed to load resource: net::ERR_CONNECTION_REFUSED @ https://ssc.33across.com/api/v1/hb?guid=dk6Sv8Q1Cr74oerkHcnnVW:0
[    3010ms] [LOG] OCMAds - Sponsored Content Loaded @ :4
[    3019ms] [WARNING] [GPT] Slot.getTargeting is deprecated, use Slot.getConfig('targeting') instead.
https://goo.gle/gpt-message#201 @ https://securepubads.g.doubleclick.net/pagead/managed/js/gpt/m202607160101/pubads_impl.js:18
[    3030ms] [INFO] [GPT PATCH] Initializing googletag.setConfig patch @ https://static.anonymised.io/light/loader.js?ref=prebid:6
[    3030ms] [INFO] [GPT PATCH] googletag.setConfig successfully patched @ https://static.anonymised.io/light/loader.js?ref=prebid:6
[    3030ms] [INFO] [PPID PATCH] setPublisherProvidedId patched @ https://static.anonymised.io/light/loader.js?ref=prebid:6
[    3030ms] [INFO] [REFRESH PATCH] pubads.refresh patched @ https://static.anonymised.io/light/loader.js?ref=prebid:6
[    3030ms] [INFO] [PPID PATCH] Injecting CUID as PPID (Tier 2) {original: 0107d67c-7b7e-4893-9703-cd575e2b7cb9, injected: 0107d67c-7b7e-4893-9703-cd575e2b7cb9} @ https://static.anonymised.io/light/loader.js?ref=prebid:6
[    3031ms] [LOG] [GPT PATCH] Stored valid IAB audience [607] @ https://static.anonymised.io/light/loader.js?ref=prebid:6
[    3031ms] [LOG] [GPT PATCH] Passing setConfig through {pps: Object} @ https://static.anonymised.io/light/loader.js?ref=prebid:6
[    3179ms] [LOG] Starting 3pc test @ https://static.anonm.io/light/check3pc.html:10
[    3183ms] [LOG] 3PC enabled: true @ https://static.anonm.io/light/check3pc.html:33
[    3183ms] [LOG] Storage API: cookie access granted @ https://static.anonm.io/light/check3pc.html:16
[    3262ms] [ERROR] Attestation check for Shared Storage on https://www.googleadservices.com failed. @ https://www.googleadservices.com/pagead/managed/js/activeview/current/reach_worklet.html:0
[    3525ms] [INFO] [REFRESH PATCH] Injecting targeting {key: AnonymisedSignalLift, value: 3} @ https://static.anonymised.io/light/loader.js?ref=prebid:6
[    3593ms] [ERROR] Failed to load resource: net::ERR_CONNECTION_REFUSED @ https://ssc.33across.com/api/v1/hb?guid=dk6Sv8Q1Cr74oerkHcnnVW:0
[    3982ms] [INFO] [REFRESH PATCH] Injecting targeting {key: AnonymisedSignalLift, value: 3} @ https://static.anonymised.io/light/loader.js?ref=prebid:6
[    4059ms] [ERROR] Failed to load resource: net::ERR_CONNECTION_REFUSED @ https://ssc.33across.com/api/v1/hb?guid=dk6Sv8Q1Cr74oerkHcnnVW:0
[    4903ms] [INFO] [REFRESH PATCH] Injecting targeting {key: AnonymisedSignalLift, value: 3} @ https://static.anonymised.io/light/loader.js?ref=prebid:6
