[    2931ms] [WARNING] AdSense head tag doesn't support data-nscript attribute. @ https://www.fotmob.com/_next/static/chunks/pages/_app-0833dabb0aa45cc4.js:5
[    2948ms] [WARNING] [GPT] PubAdsService.disableInitialLoad is deprecated, use googletag.setConfig({disableInitialLoad: ...}) instead.
https://goo.gle/gpt-message#170 @ https://www.fotmob.com/_next/static/chunks/pages/_app-0833dabb0aa45cc4.js:5
[    4081ms] [WARNING] [GPT] Slot.updateTargetingFromMap is deprecated, use Slot.setConfig({targeting: ...}) instead.
https://goo.gle/gpt-message#171 @ https://www.fotmob.com/_next/static/chunks/pages/_app-0833dabb0aa45cc4.js:5
[    4372ms] [ERROR] Failed to load resource: the server responded with a status of 403 () @ https://prebid.smilewanted.com/:0
[    4922ms] [ERROR] Not signed in with the identity provider. @ https://www.fotmob.com/es-419/matches/sassuolo-vs-inter/29tzz6#4803074:0
[    6034ms] [DIR] SyntaxError @ https://js.ad-score.com/score.min.js?pid=1000925&tt=g:1
[    7232ms] [ERROR] Failed to load resource: net::ERR_SOCKET_NOT_CONNECTED @ https://a3388.casalemedia.com/impression/v2/1289748/81/d9c6os20n0qu5so3gja0/e5587aad-fc39-4482-a9a0-93b63360e3ce?verifieD=1&userID=&cmpro=0&deviceType=2&expiryTime=1784180424&profileIDs=&creativeID=1be2a99&pubID=214258&format=banner&channel=site&ee=1:0
[    7532ms] [ERROR] Attestation check for Shared Storage on https://www.googleadservices.com failed. @ https://www.googleadservices.com/pagead/managed/js/activeview/current/reach_worklet.html:0
[    7620ms] [TIMEEND] a: 0.001953125 ms @ https://static.adsafeprotected.com/sca.17.6.4.js:31
[    7629ms] [WARNING] Mixed Content: The page at 'https://ssum-sec.casalemedia.com/usermatch?ix_um=1&cb=https%3A%2F%2Fjs-sec.indexww.com%2Fht%2Fhtw-pixel.gif%3F&s=214258&gdpr=0' was loaded over HTTPS, but requested an insecure element 'http://rtb2-useast.delivrdsp.ai/sync?exchange=1378&r=https%3A%2F%2Fdsum-sec.casalemedia.com%2Fcrum%3Fcm_dsp_id%3D282%26external_user_id%3D%7BUID%7D&us_privacy='. This request was automatically upgraded to HTTPS, For more information see https://blog.chromium.org/2019/10/no-more-mixed-messages-about-https.html @ https://ssum-sec.casalemedia.com/usermatch?ix_um=1&cb=https%3A%2F%2Fjs-sec.indexww.com%2Fht%2Fhtw-pixel.gif%3F&s=214258&gdpr=0:0
[    7630ms] [WARNING] Mixed Content: The page at 'https://ssum-sec.casalemedia.com/usermatch?ix_um=1&cb=https%3A%2F%2Fjs-sec.indexww.com%2Fht%2Fhtw-pixel.gif%3F&s=214258&gdpr=0' was loaded over HTTPS, but requested an insecure element 'http://rtb2-useast.delivrdsp.ai/sync?exchange=1378&r=https%3A%2F%2Fdsum-sec.casalemedia.com%2Fcrum%3Fcm_dsp_id%3D282%26external_user_id%3D%7BUID%7D&us_privacy='. This request was automatically upgraded to HTTPS, For more information see https://blog.chromium.org/2019/10/no-more-mixed-messages-about-https.html @ https://ssum-sec.casalemedia.com/usermatch?ix_um=1&cb=https%3A%2F%2Fjs-sec.indexww.com%2Fht%2Fhtw-pixel.gif%3F&s=214258&gdpr=0:0
[    8297ms] [ERROR] Failed to load resource: the server responded with a status of 403 () @ chrome-error://chromewebdata/:0
[    8301ms] [ERROR] Refused to display 'https://csync.smilewanted.com/' in a frame because it set 'X-Frame-Options' to 'sameorigin'. @ chrome-error://chromewebdata/:0
[    8868ms] [ERROR] [GSI_LOGGER]: FedCM get() rejects with NetworkError: Error retrieving a token. @ https://www.fotmob.com/_next/static/chunks/pages/_app-0833dabb0aa45cc4.js:5
[    8929ms] [ERROR] Failed to load resource: the server responded with a status of 404 (Not Found) @ https://sync-tb.yrxtam.com/ffb9b365d87c2b3126298b7483e4ddd1.gif?puid=[UID]&redir=https%3A%2F%2Fs.ad.smaato.net%2Fc%2F%3FdspId%3D1519%26dspCookie%3D%24UID%26gdpr%3D0%26gdpr_consent%3D&gdpr=0&gdpr_consent=&coppa=[COPPA]&gpp=[GPP]&gpp_sid=[GPP_SID]:0
[    8976ms] [ERROR] Failed to load resource: net::ERR_NAME_NOT_RESOLVED @ https://cm-x.mgid.com/5f771db5775920b3ea597ee1392355e9.gif?puid=[UID]&redir=https%3A%2F%2Fs.ad.smaato.net%2Fc%2F%3FdspId%3D1466%26dspCookie%3D%5BUID%5D%26gdpr%3D0%26gdpr_consent%3D&gdpr=0&gdpr_consent=&coppa=[COPPA]&gpp=[GPP]&gpp_sid=[GPP_SID]:0
[    9029ms] [WARNING] Mixed Content: The page at 'https://rt.marphezis.com/sync?dpid=0&gdpr=0' was loaded over HTTPS, but requested an insecure element 'http://match.sharethrough.com/universal/v1?supply_id=Wq9Ma2mz'. This request was automatically upgraded to HTTPS, For more information see https://blog.chromium.org/2019/10/no-more-mixed-messages-about-https.html @ https://rt.marphezis.com/sync?dpid=0&gdpr=0:0
[    9030ms] [WARNING] Mixed Content: The page at 'https://rt.marphezis.com/sync?dpid=0&gdpr=0' was loaded over HTTPS, but requested an insecure element 'http://match.sharethrough.com/universal/v1?supply_id=Wq9Ma2mz'. This request was automatically upgraded to HTTPS, For more information see https://blog.chromium.org/2019/10/no-more-mixed-messages-about-https.html @ https://rt.marphezis.com/sync?dpid=0&gdpr=0:0
[    9105ms] [ERROR] Failed to load resource: net::ERR_NAME_NOT_RESOLVED @ https://visitor-iqzone.omnitagjs.com/visitor/bsync?uid=9ad5ea74eb6daacb66ec769f76978abc&name=GEN1&url=https%3A%2F%2Fsync.iqzonertb.live%2Fpsync%3Ft%3Dd%26e%3D466%26u%3D%5BUID%5D%26clp%3DaHR0cHM6Ly9zLmFkLnNtYWF0by5uZXQvYy8_ZHNwSWQ9MTEyNyZkc3BDb29raWU9JVVTRVJfSUQlJmdkcHI9MCZnZHByX2NvbnNlbnQ9:0
[    9110ms] [ERROR] Failed to load resource: the server responded with a status of 404 (Not Found) @ https://us.shb-sync.com/bf2ecb77-8b3f-11ed-9a3c-0cc47a787f5e.gif?puid=[UID]&redir=https%3A%2F%2Fs.ad.smaato.net%2Fc%2F%3FdspId%3D1074%26dspCookie%3D%5BUID%5D%26gdpr%3D0%26gdpr_consent%3D&gdpr=0&gdpr_consent=:0
[    9114ms] [ERROR] Failed to load resource: net::ERR_NAME_NOT_RESOLVED @ https://cm-x.mgid.com/5f771db5775920b3ea597ee1392355e9.gif?puid=[UID]&redir=https%3A%2F%2Fs.ad.smaato.net%2Fc%2F%3FdspId%3D1466%26dspCookie%3D%5BUID%5D%26gdpr%3D0%26gdpr_consent%3D&gdpr=0&gdpr_consent=&coppa=[COPPA]&gpp=[GPP]&gpp_sid=[GPP_SID]:0
[    9138ms] [ERROR] Failed to load resource: the server responded with a status of 404 (Not Found) @ https://csync.copper6.com/fbd260923f6815f04a34938c00400dd6.gif?gdpr=0&gdpr_consent=&redir=https%3A%2F%2Fs.ad.smaato.net%2Fc%2F%3FdspId%3D1248%26dspCookie%3D%5BUID%5D%26gdpr%3D0%26gdpr_consent%3D:0
[    9143ms] [ERROR] Failed to load resource: the server responded with a status of 400 () @ https://match.sharethrough.com/universal/v1?supply_id=av4BPcZO&gdpr=0&gdpr_consent=:0
[    9105ms] [ERROR] Failed to load resource: net::ERR_NAME_NOT_RESOLVED @ https://visitor-iqzone.omnitagjs.com/visitor/bsync?uid=9ad5ea74eb6daacb66ec769f76978abc&name=GEN1&url=https%3A%2F%2Fsync.iqzonertb.live%2Fpsync%3Ft%3Dd%26e%3D466%26u%3D%5BUID%5D%26clp%3DaHR0cHM6Ly9zLmFkLnNtYWF0by5uZXQvYy8_ZHNwSWQ9MTEyNyZkc3BDb29raWU9JVVTRVJfSUQlJmdkcHI9MCZnZHByX2NvbnNlbnQ9:0
[    9176ms] [ERROR] Failed to load resource: the server responded with a status of 404 (Not Found) @ https://us.shb-sync.com/bf2debb3-8b3f-11ed-9a3c-0cc47a787f5e.gif?redir=https%3A%2F%2Fs.ad.smaato.net%2Fc%2F%3FdspId%3D1170%26dspCookie%3D%24UID%26gdpr%3D0%26gdpr_consent%3D&gdpr=0&gdpr_consent=:0
[    9105ms] [ERROR] Failed to load resource: net::ERR_NAME_NOT_RESOLVED @ https://visitor-iqzone.omnitagjs.com/visitor/bsync?uid=9ad5ea74eb6daacb66ec769f76978abc&name=GEN1&url=https%3A%2F%2Fsync.iqzonertb.live%2Fpsync%3Ft%3Dd%26e%3D466%26u%3D%5BUID%5D%26clp%3DaHR0cHM6Ly9zLmFkLnNtYWF0by5uZXQvYy8_ZHNwSWQ9MTEyNyZkc3BDb29raWU9JVVTRVJfSUQlJmdkcHI9MCZnZHByX2NvbnNlbnQ9:0
[    9606ms] [ERROR] Failed to load resource: the server responded with a status of 404 (Not Found) @ https://sync-tb.yrxtam.com/ffb9b365d87c2b3126298b7483e4ddd1.gif?puid=[UID]&redir=https%3A%2F%2Fs.ad.smaato.net%2Fc%2F%3FdspId%3D1519%26dspCookie%3D%24UID%26gdpr%3D0%26gdpr_consent%3D&gdpr=0&gdpr_consent=&coppa=[COPPA]&gpp=[GPP]&gpp_sid=[GPP_SID]:0
[   10991ms] [ERROR] Failed to load resource: net::ERR_CONNECTION_CLOSED @ https://tracker.cbx-rtb.com/sync?id=2&uid=[UID]:0
