[     322ms] [INFO] [REFRESH PATCH] Injecting targeting {key: AnonymisedSignalLift, value: 1} @ https://static.anonymised.io/light/loader.js?ref=prebid?ref=prebid&d=www.whoscored.com:6
[     500ms] Uncaught ReferenceError: setTimeout is not defined
    at lc (https://pagead2.googlesyndication.com/pagead/managed/js/activeview/current/ufs_web_display.js:81:154)
    at nc (https://pagead2.googlesyndication.com/pagead/managed/js/activeview/current/ufs_web_display.js:81:233)
    at qc.next (https://pagead2.googlesyndication.com/pagead/managed/js/activeview/current/ufs_web_display.js:82:234)
    at n.ie (https://pagead2.googlesyndication.com/pagead/managed/js/activeview/current/ufs_web_display.js:81:755)
    at n.next (https://pagead2.googlesyndication.com/pagead/managed/js/activeview/current/ufs_web_display.js:81:522)
    at h (https://pagead2.googlesyndication.com/pagead/managed/js/activeview/current/ufs_web_display.js:94:476)
    at _.Hz (https://securepubads.g.doubleclick.net/pagead/managed/js/gpt/m202607090101/pubads_impl.js?cb=31099651:18:242287)
    at <anonymous> (https://securepubads.g.doubleclick.net/pagead/managed/js/gpt/m202607090101/pubads_impl.js?cb=31099651:18:590325)
    at _.I.G (https://securepubads.g.doubleclick.net/pagead/managed/js/gpt/m202607090101/pubads_impl.js?cb=31099651:18:254775)
    at U.G (https://securepubads.g.doubleclick.net/pagead/managed/js/gpt/m202607090101/pubads_impl.js?cb=31099651:18:347298)
    at _.I.dispose (https://securepubads.g.doubleclick.net/pagead/managed/js/gpt/m202607090101/pubads_impl.js?cb=31099651:18:254529)
    at J0 (https://securepubads.g.doubleclick.net/pagead/managed/js/gpt/m202607090101/pubads_impl.js?cb=31099651:18:592851)
    at a0 (https://securepubads.g.doubleclick.net/pagead/managed/js/gpt/m202607090101/pubads_impl.js?cb=31099651:18:593118)
    at Aa (https://securepubads.g.doubleclick.net/pagead/managed/js/gpt/m202607090101/pubads_impl.js?cb=31099651:18:610420)
    at <anonymous> (https://securepubads.g.doubleclick.net/pagead/managed/js/gpt/m202607090101/pubads_impl.js?cb=31099651:18:610539)
    at ME (https://securepubads.g.doubleclick.net/pagead/managed/js/gpt/m202607090101/pubads_impl.js?cb=31099651:18:205240)
    at OE.next (https://securepubads.g.doubleclick.net/pagead/managed/js/gpt/m202607090101/pubads_impl.js?cb=31099651:18:205534)
    at b (https://securepubads.g.doubleclick.net/pagead/managed/js/gpt/m202607090101/pubads_impl.js?cb=31099651:18:205786)
[     520ms] [WARNING] An iframe which has both allow-scripts and allow-same-origin for its sandbox attribute can escape its sandboxing. @ https://snackmedia-ron-tagan.adlightning.com/op.js:0
[  -35142ms] [ERROR] Attestation check for Shared Storage on https://www.googleadservices.com failed. @ https://www.googleadservices.com/pagead/managed/js/activeview/current/reach_worklet.html:0
[  -35135ms] [ERROR] Attestation check for Shared Storage on https://www.googleadservices.com failed. @ https://www.googleadservices.com/pagead/managed/js/activeview/current/reach_worklet.html:0
[  -35134ms] [ERROR] Attestation check for Shared Storage on https://www.googleadservices.com failed. @ https://www.googleadservices.com/pagead/managed/js/activeview/current/reach_worklet.html:0
[  -35133ms] [ERROR] Attestation check for Shared Storage on https://www.googleadservices.com failed. @ https://www.googleadservices.com/pagead/managed/js/activeview/current/reach_worklet.html:0
[  -18203ms] [ERROR] Attestation check for Shared Storage on https://www.googleadservices.com failed. @ https://www.googleadservices.com/pagead/managed/js/activeview/current/reach_worklet.html:0
[     646ms] [ERROR] Attestation check for Shared Storage on https://www.googleadservices.com failed. @ https://www.googleadservices.com/pagead/managed/js/activeview/current/reach_worklet.html:0
[  -32686ms] [ERROR] Failed to load resource: net::ERR_TOO_MANY_REDIRECTS @ https://match.adsby.bidtheatre.com/stickymatch?redirected=true&gdpr=0&gdpr_consent=:0
[    1008ms] [ERROR] Failed to load resource: the server responded with a status of 400 () @ https://eb2.3lift.com/xuid?idenv=:0
[    1026ms] [DIR] SyntaxError @ https://js.ad-score.com/score.min.js?pid=1000925&tt=g:1
[    1733ms] [LOG] checkRepeaterAdsOnPage ran [] @ https://cdn-adm.pbstck.com/extra-scripts/337feb8f/6566e9c6/incrementor.1737388771934.js:5
[    1735ms] [LOG] Snack AB Test Variant: pubstack_original @ https://cdn-adm.pbstck.com/extra-scripts/337feb8f/669597c6/snack_no_cmp_ab_track_site.1770726791792.js:107
[    2324ms] [ERROR] Failed to load resource: net::ERR_CONNECTION_REFUSED @ https://ssc.33across.com/api/v1/hb?guid=dk6Sv8Q1Cr74oerkHcnnVW:0
[    2338ms] [WARNING] [GPT] Slot.getTargeting is deprecated, use Slot.getConfig('targeting') instead.
https://goo.gle/gpt-message#201 @ https://securepubads.g.doubleclick.net/pagead/managed/js/gpt/m202607090101/pubads_impl.js?cb=31099651:18
[    2418ms] [ERROR] The script resource is behind a redirect, which is disallowed. @ :0
[    2426ms] [INFO] [GPT PATCH] Initializing googletag.setConfig patch @ https://static.anonymised.io/light/loader.js?ref=prebid:6
[    2426ms] [INFO] [GPT PATCH] googletag.setConfig successfully patched @ https://static.anonymised.io/light/loader.js?ref=prebid:6
[    2426ms] [INFO] [PPID PATCH] setPublisherProvidedId patched @ https://static.anonymised.io/light/loader.js?ref=prebid:6
[    2426ms] [INFO] [REFRESH PATCH] pubads.refresh patched @ https://static.anonymised.io/light/loader.js?ref=prebid:6
[    2427ms] [WARNING] [GPT] PubAdsService.setTargeting is deprecated, use googletag.setConfig({targeting: ...}) instead.
https://goo.gle/gpt-message#170 @ https://securepubads.g.doubleclick.net/pagead/managed/js/gpt/m202607090101/pubads_impl.js?cb=31099651:18
[    2428ms] [INFO] [PPID PATCH] Injecting CUID as PPID (Tier 2) {original: 0107d67c-7b7e-4893-9703-cd575e2b7cb9, injected: 0107d67c-7b7e-4893-9703-cd575e2b7cb9} @ https://static.anonymised.io/light/loader.js?ref=prebid:6
[    2461ms] [WARNING] An iframe which has both allow-scripts and allow-same-origin for its sandbox attribute can escape its sandboxing. @ https://snackmedia-ron-tagan.adlightning.com/op.js:0
[    2534ms] [LOG] Starting 3pc test @ https://static.anonm.io/light/check3pc.html:10
[    2536ms] [LOG] 3PC enabled: true @ https://static.anonm.io/light/check3pc.html:33
[    2536ms] [LOG] Storage API: cookie access granted @ https://static.anonm.io/light/check3pc.html:16
[    2596ms] [ERROR] Attestation check for Shared Storage on https://www.googleadservices.com failed. @ https://www.googleadservices.com/pagead/managed/js/activeview/current/reach_worklet.html:0
[    2777ms] [INFO] [REFRESH PATCH] Injecting targeting {key: AnonymisedSignalLift, value: 1} @ https://static.anonymised.io/light/loader.js?ref=prebid:6
[    2849ms] [ERROR] Failed to load resource: net::ERR_CONNECTION_REFUSED @ https://ssc.33across.com/api/v1/hb?guid=dk6Sv8Q1Cr74oerkHcnnVW:0
[    3010ms] [WARNING] An iframe which has both allow-scripts and allow-same-origin for its sandbox attribute can escape its sandboxing. @ https://snackmedia-ron-tagan.adlightning.com/op.js:0
[    2596ms] [ERROR] Attestation check for Shared Storage on https://www.googleadservices.com failed. @ https://www.googleadservices.com/pagead/managed/js/activeview/current/reach_worklet.html:0
[    3231ms] [ERROR] Attestation check for Shared Storage on https://www.googleadservices.com failed. @ https://www.googleadservices.com/pagead/managed/js/activeview/current/reach_worklet.html:0
[    3512ms] [DIR] SyntaxError @ https://js.ad-score.com/score.min.js?pid=1000925&tt=g:1
[    3743ms] [INFO] [REFRESH PATCH] Injecting targeting {key: AnonymisedSignalLift, value: 1} @ https://static.anonymised.io/light/loader.js?ref=prebid:6
[    3751ms] Uncaught TypeError: Cannot convert undefined or null to object
    at Yb (https://js.ad-score.com/score.min.js?pid=1000925&tt=g:1:298960)
    at <anonymous> (https://js.ad-score.com/score.min.js?pid=1000925&tt=g:1:299923)
    at <anonymous> (https://js.ad-score.com/score.min.js?pid=1000925&tt=g:1:300111)
    at YG (https://js.ad-score.com/score.min.js?pid=1000925&tt=g:1:300912)
[    3968ms] [WARNING] An iframe which has both allow-scripts and allow-same-origin for its sandbox attribute can escape its sandboxing. @ https://snackmedia-ron-tagan.adlightning.com/op.js:0
[    2596ms] [ERROR] Attestation check for Shared Storage on https://www.googleadservices.com failed. @ https://www.googleadservices.com/pagead/managed/js/activeview/current/reach_worklet.html:0
[    3231ms] [ERROR] Attestation check for Shared Storage on https://www.googleadservices.com failed. @ https://www.googleadservices.com/pagead/managed/js/activeview/current/reach_worklet.html:0
[    4130ms] [ERROR] Attestation check for Shared Storage on https://www.googleadservices.com failed. @ https://www.googleadservices.com/pagead/managed/js/activeview/current/reach_worklet.html:0
[    4157ms] [TIMEEND] a: 0.003173828125 ms @ https://static.adsafeprotected.com/sca.17.6.4.js:31
[    4504ms] [ERROR] Failed to load resource: net::ERR_NAME_NOT_RESOLVED @ https://cs.lkqd.net/cs?partnerId=59&partnerUserId=CAESEJimtvqggjTBJTCUKGsc0jU&google_cver=1:0
[    4504ms] [ERROR] Failed to load resource: net::ERR_NAME_NOT_RESOLVED @ https://cs.lkqd.net/cs?partnerId=59&redirect=https%3A%2F%2Fcm.g.doubleclick.net%2Fpixel%3Fgoogle_nid%3Dlkqd_dbm%26google_hm%3D%24%24rawlkqduserid%7Cbase64%24%24:0
[    2596ms] [ERROR] Attestation check for Shared Storage on https://www.googleadservices.com failed. @ https://www.googleadservices.com/pagead/managed/js/activeview/current/reach_worklet.html:0
[    3231ms] [ERROR] Attestation check for Shared Storage on https://www.googleadservices.com failed. @ https://www.googleadservices.com/pagead/managed/js/activeview/current/reach_worklet.html:0
[    4130ms] [ERROR] Attestation check for Shared Storage on https://www.googleadservices.com failed. @ https://www.googleadservices.com/pagead/managed/js/activeview/current/reach_worklet.html:0
[    4629ms] [ERROR] Attestation check for Shared Storage on https://www.googleadservices.com failed. @ https://www.googleadservices.com/pagead/managed/js/activeview/current/reach_worklet.html:0
[   22072ms] [ERROR] Failed to load resource: net::ERR_CONNECTION_REFUSED @ https://ssc.33across.com/api/v1/hb?guid=dk6Sv8Q1Cr74oerkHcnnVW:0
[   22673ms] [INFO] [REFRESH PATCH] Injecting targeting {key: AnonymisedSignalLift, value: 1} @ https://static.anonymised.io/light/loader.js?ref=prebid:6
[   22906ms] Uncaught ReferenceError: setTimeout is not defined
    at lc (https://pagead2.googlesyndication.com/pagead/managed/js/activeview/current/ufs_web_display.js:81:154)
    at nc (https://pagead2.googlesyndication.com/pagead/managed/js/activeview/current/ufs_web_display.js:81:233)
    at qc.next (https://pagead2.googlesyndication.com/pagead/managed/js/activeview/current/ufs_web_display.js:82:234)
    at n.ie (https://pagead2.googlesyndication.com/pagead/managed/js/activeview/current/ufs_web_display.js:81:755)
    at n.next (https://pagead2.googlesyndication.com/pagead/managed/js/activeview/current/ufs_web_display.js:81:522)
    at h (https://pagead2.googlesyndication.com/pagead/managed/js/activeview/current/ufs_web_display.js:94:476)
    at _.Hz (https://securepubads.g.doubleclick.net/pagead/managed/js/gpt/m202607090101/pubads_impl.js?cb=31099651:18:242287)
    at <anonymous> (https://securepubads.g.doubleclick.net/pagead/managed/js/gpt/m202607090101/pubads_impl.js?cb=31099651:18:590325)
    at _.I.G (https://securepubads.g.doubleclick.net/pagead/managed/js/gpt/m202607090101/pubads_impl.js?cb=31099651:18:254775)
    at U.G (https://securepubads.g.doubleclick.net/pagead/managed/js/gpt/m202607090101/pubads_impl.js?cb=31099651:18:347298)
    at _.I.dispose (https://securepubads.g.doubleclick.net/pagead/managed/js/gpt/m202607090101/pubads_impl.js?cb=31099651:18:254529)
    at J0 (https://securepubads.g.doubleclick.net/pagead/managed/js/gpt/m202607090101/pubads_impl.js?cb=31099651:18:592851)
    at a0 (https://securepubads.g.doubleclick.net/pagead/managed/js/gpt/m202607090101/pubads_impl.js?cb=31099651:18:593118)
    at Aa (https://securepubads.g.doubleclick.net/pagead/managed/js/gpt/m202607090101/pubads_impl.js?cb=31099651:18:610420)
    at <anonymous> (https://securepubads.g.doubleclick.net/pagead/managed/js/gpt/m202607090101/pubads_impl.js?cb=31099651:18:610539)
    at ME (https://securepubads.g.doubleclick.net/pagead/managed/js/gpt/m202607090101/pubads_impl.js?cb=31099651:18:205240)
    at OE.next (https://securepubads.g.doubleclick.net/pagead/managed/js/gpt/m202607090101/pubads_impl.js?cb=31099651:18:205534)
    at b (https://securepubads.g.doubleclick.net/pagead/managed/js/gpt/m202607090101/pubads_impl.js?cb=31099651:18:205786)
[   22947ms] [WARNING] An iframe which has both allow-scripts and allow-same-origin for its sandbox attribute can escape its sandboxing. @ https://snackmedia-ron-tagan.adlightning.com/op.js:0
[    2596ms] [ERROR] Attestation check for Shared Storage on https://www.googleadservices.com failed. @ https://www.googleadservices.com/pagead/managed/js/activeview/current/reach_worklet.html:0
[    3231ms] [ERROR] Attestation check for Shared Storage on https://www.googleadservices.com failed. @ https://www.googleadservices.com/pagead/managed/js/activeview/current/reach_worklet.html:0
[    4130ms] [ERROR] Attestation check for Shared Storage on https://www.googleadservices.com failed. @ https://www.googleadservices.com/pagead/managed/js/activeview/current/reach_worklet.html:0
[    4629ms] [ERROR] Attestation check for Shared Storage on https://www.googleadservices.com failed. @ https://www.googleadservices.com/pagead/managed/js/activeview/current/reach_worklet.html:0
[   23131ms] [ERROR] Attestation check for Shared Storage on https://www.googleadservices.com failed. @ https://www.googleadservices.com/pagead/managed/js/activeview/current/reach_worklet.html:0
[    2596ms] [ERROR] Attestation check for Shared Storage on https://www.googleadservices.com failed. @ https://www.googleadservices.com/pagead/managed/js/activeview/current/reach_worklet.html:0
[    3231ms] [ERROR] Attestation check for Shared Storage on https://www.googleadservices.com failed. @ https://www.googleadservices.com/pagead/managed/js/activeview/current/reach_worklet.html:0
[    4130ms] [ERROR] Attestation check for Shared Storage on https://www.googleadservices.com failed. @ https://www.googleadservices.com/pagead/managed/js/activeview/current/reach_worklet.html:0
[    4629ms] [ERROR] Attestation check for Shared Storage on https://www.googleadservices.com failed. @ https://www.googleadservices.com/pagead/managed/js/activeview/current/reach_worklet.html:0
[   23131ms] [ERROR] Attestation check for Shared Storage on https://www.googleadservices.com failed. @ https://www.googleadservices.com/pagead/managed/js/activeview/current/reach_worklet.html:0
[   23547ms] [ERROR] Attestation check for Shared Storage on https://www.googleadservices.com failed. @ https://www.googleadservices.com/pagead/managed/js/activeview/current/reach_worklet.html:0
[   41167ms] [ERROR] Failed to load resource: net::ERR_CONNECTION_REFUSED @ https://ssc.33across.com/api/v1/hb?guid=dk6Sv8Q1Cr74oerkHcnnVW:0
[   41766ms] [INFO] [REFRESH PATCH] Injecting targeting {key: AnonymisedSignalLift, value: 1} @ https://static.anonymised.io/light/loader.js?ref=prebid:6
[   42093ms] Uncaught ReferenceError: setTimeout is not defined
    at lc (https://pagead2.googlesyndication.com/pagead/managed/js/activeview/current/ufs_web_display.js:81:154)
    at nc (https://pagead2.googlesyndication.com/pagead/managed/js/activeview/current/ufs_web_display.js:81:233)
    at qc.next (https://pagead2.googlesyndication.com/pagead/managed/js/activeview/current/ufs_web_display.js:82:234)
    at n.ie (https://pagead2.googlesyndication.com/pagead/managed/js/activeview/current/ufs_web_display.js:81:755)
    at n.next (https://pagead2.googlesyndication.com/pagead/managed/js/activeview/current/ufs_web_display.js:81:522)
    at h (https://pagead2.googlesyndication.com/pagead/managed/js/activeview/current/ufs_web_display.js:94:476)
    at _.Hz (https://securepubads.g.doubleclick.net/pagead/managed/js/gpt/m202607090101/pubads_impl.js?cb=31099651:18:242287)
    at <anonymous> (https://securepubads.g.doubleclick.net/pagead/managed/js/gpt/m202607090101/pubads_impl.js?cb=31099651:18:590325)
    at _.I.G (https://securepubads.g.doubleclick.net/pagead/managed/js/gpt/m202607090101/pubads_impl.js?cb=31099651:18:254775)
    at U.G (https://securepubads.g.doubleclick.net/pagead/managed/js/gpt/m202607090101/pubads_impl.js?cb=31099651:18:347298)
    at _.I.dispose (https://securepubads.g.doubleclick.net/pagead/managed/js/gpt/m202607090101/pubads_impl.js?cb=31099651:18:254529)
    at J0 (https://securepubads.g.doubleclick.net/pagead/managed/js/gpt/m202607090101/pubads_impl.js?cb=31099651:18:592851)
    at a0 (https://securepubads.g.doubleclick.net/pagead/managed/js/gpt/m202607090101/pubads_impl.js?cb=31099651:18:593118)
    at Aa (https://securepubads.g.doubleclick.net/pagead/managed/js/gpt/m202607090101/pubads_impl.js?cb=31099651:18:610420)
    at <anonymous> (https://securepubads.g.doubleclick.net/pagead/managed/js/gpt/m202607090101/pubads_impl.js?cb=31099651:18:610539)
    at ME (https://securepubads.g.doubleclick.net/pagead/managed/js/gpt/m202607090101/pubads_impl.js?cb=31099651:18:205240)
    at OE.next (https://securepubads.g.doubleclick.net/pagead/managed/js/gpt/m202607090101/pubads_impl.js?cb=31099651:18:205534)
    at b (https://securepubads.g.doubleclick.net/pagead/managed/js/gpt/m202607090101/pubads_impl.js?cb=31099651:18:205786)
[   42113ms] [WARNING] An iframe which has both allow-scripts and allow-same-origin for its sandbox attribute can escape its sandboxing. @ https://snackmedia-ron-tagan.adlightning.com/op.js:0
[    2596ms] [ERROR] Attestation check for Shared Storage on https://www.googleadservices.com failed. @ https://www.googleadservices.com/pagead/managed/js/activeview/current/reach_worklet.html:0
[    3231ms] [ERROR] Attestation check for Shared Storage on https://www.googleadservices.com failed. @ https://www.googleadservices.com/pagead/managed/js/activeview/current/reach_worklet.html:0
[    4130ms] [ERROR] Attestation check for Shared Storage on https://www.googleadservices.com failed. @ https://www.googleadservices.com/pagead/managed/js/activeview/current/reach_worklet.html:0
[    4629ms] [ERROR] Attestation check for Shared Storage on https://www.googleadservices.com failed. @ https://www.googleadservices.com/pagead/managed/js/activeview/current/reach_worklet.html:0
[   23131ms] [ERROR] Attestation check for Shared Storage on https://www.googleadservices.com failed. @ https://www.googleadservices.com/pagead/managed/js/activeview/current/reach_worklet.html:0
[   23547ms] [ERROR] Attestation check for Shared Storage on https://www.googleadservices.com failed. @ https://www.googleadservices.com/pagead/managed/js/activeview/current/reach_worklet.html:0
[   42318ms] [ERROR] Attestation check for Shared Storage on https://www.googleadservices.com failed. @ https://www.googleadservices.com/pagead/managed/js/activeview/current/reach_worklet.html:0
[    2596ms] [ERROR] Attestation check for Shared Storage on https://www.googleadservices.com failed. @ https://www.googleadservices.com/pagead/managed/js/activeview/current/reach_worklet.html:0
[    3231ms] [ERROR] Attestation check for Shared Storage on https://www.googleadservices.com failed. @ https://www.googleadservices.com/pagead/managed/js/activeview/current/reach_worklet.html:0
[    4130ms] [ERROR] Attestation check for Shared Storage on https://www.googleadservices.com failed. @ https://www.googleadservices.com/pagead/managed/js/activeview/current/reach_worklet.html:0
[    4629ms] [ERROR] Attestation check for Shared Storage on https://www.googleadservices.com failed. @ https://www.googleadservices.com/pagead/managed/js/activeview/current/reach_worklet.html:0
[   23131ms] [ERROR] Attestation check for Shared Storage on https://www.googleadservices.com failed. @ https://www.googleadservices.com/pagead/managed/js/activeview/current/reach_worklet.html:0
[   23547ms] [ERROR] Attestation check for Shared Storage on https://www.googleadservices.com failed. @ https://www.googleadservices.com/pagead/managed/js/activeview/current/reach_worklet.html:0
[   42318ms] [ERROR] Attestation check for Shared Storage on https://www.googleadservices.com failed. @ https://www.googleadservices.com/pagead/managed/js/activeview/current/reach_worklet.html:0
[   42701ms] [ERROR] Attestation check for Shared Storage on https://www.googleadservices.com failed. @ https://www.googleadservices.com/pagead/managed/js/activeview/current/reach_worklet.html:0
[   60235ms] [ERROR] Failed to load resource: net::ERR_CONNECTION_REFUSED @ https://ssc.33across.com/api/v1/hb?guid=dk6Sv8Q1Cr74oerkHcnnVW:0
[   60806ms] [INFO] [REFRESH PATCH] Injecting targeting {key: AnonymisedSignalLift, value: 1} @ https://static.anonymised.io/light/loader.js?ref=prebid:6
[   60995ms] Uncaught ReferenceError: setTimeout is not defined
    at lc (https://pagead2.googlesyndication.com/pagead/managed/js/activeview/current/ufs_web_display.js:81:154)
    at nc (https://pagead2.googlesyndication.com/pagead/managed/js/activeview/current/ufs_web_display.js:81:233)
    at qc.next (https://pagead2.googlesyndication.com/pagead/managed/js/activeview/current/ufs_web_display.js:82:234)
    at n.ie (https://pagead2.googlesyndication.com/pagead/managed/js/activeview/current/ufs_web_display.js:81:755)
    at n.next (https://pagead2.googlesyndication.com/pagead/managed/js/activeview/current/ufs_web_display.js:81:522)
    at h (https://pagead2.googlesyndication.com/pagead/managed/js/activeview/current/ufs_web_display.js:94:476)
    at _.Hz (https://securepubads.g.doubleclick.net/pagead/managed/js/gpt/m202607090101/pubads_impl.js?cb=31099651:18:242287)
    at <anonymous> (https://securepubads.g.doubleclick.net/pagead/managed/js/gpt/m202607090101/pubads_impl.js?cb=31099651:18:590325)
    at _.I.G (https://securepubads.g.doubleclick.net/pagead/managed/js/gpt/m202607090101/pubads_impl.js?cb=31099651:18:254775)
    at U.G (https://securepubads.g.doubleclick.net/pagead/managed/js/gpt/m202607090101/pubads_impl.js?cb=31099651:18:347298)
    at _.I.dispose (https://securepubads.g.doubleclick.net/pagead/managed/js/gpt/m202607090101/pubads_impl.js?cb=31099651:18:254529)
    at J0 (https://securepubads.g.doubleclick.net/pagead/managed/js/gpt/m202607090101/pubads_impl.js?cb=31099651:18:592851)
    at a0 (https://securepubads.g.doubleclick.net/pagead/managed/js/gpt/m202607090101/pubads_impl.js?cb=31099651:18:593118)
    at Aa (https://securepubads.g.doubleclick.net/pagead/managed/js/gpt/m202607090101/pubads_impl.js?cb=31099651:18:610420)
    at <anonymous> (https://securepubads.g.doubleclick.net/pagead/managed/js/gpt/m202607090101/pubads_impl.js?cb=31099651:18:610539)
    at ME (https://securepubads.g.doubleclick.net/pagead/managed/js/gpt/m202607090101/pubads_impl.js?cb=31099651:18:205240)
    at OE.next (https://securepubads.g.doubleclick.net/pagead/managed/js/gpt/m202607090101/pubads_impl.js?cb=31099651:18:205534)
    at b (https://securepubads.g.doubleclick.net/pagead/managed/js/gpt/m202607090101/pubads_impl.js?cb=31099651:18:205786)
[   61011ms] [WARNING] An iframe which has both allow-scripts and allow-same-origin for its sandbox attribute can escape its sandboxing. @ https://snackmedia-ron-tagan.adlightning.com/op.js:0
[    2596ms] [ERROR] Attestation check for Shared Storage on https://www.googleadservices.com failed. @ https://www.googleadservices.com/pagead/managed/js/activeview/current/reach_worklet.html:0
[    3231ms] [ERROR] Attestation check for Shared Storage on https://www.googleadservices.com failed. @ https://www.googleadservices.com/pagead/managed/js/activeview/current/reach_worklet.html:0
[    4130ms] [ERROR] Attestation check for Shared Storage on https://www.googleadservices.com failed. @ https://www.googleadservices.com/pagead/managed/js/activeview/current/reach_worklet.html:0
[    4629ms] [ERROR] Attestation check for Shared Storage on https://www.googleadservices.com failed. @ https://www.googleadservices.com/pagead/managed/js/activeview/current/reach_worklet.html:0
[   23131ms] [ERROR] Attestation check for Shared Storage on https://www.googleadservices.com failed. @ https://www.googleadservices.com/pagead/managed/js/activeview/current/reach_worklet.html:0
[   23547ms] [ERROR] Attestation check for Shared Storage on https://www.googleadservices.com failed. @ https://www.googleadservices.com/pagead/managed/js/activeview/current/reach_worklet.html:0
[   42318ms] [ERROR] Attestation check for Shared Storage on https://www.googleadservices.com failed. @ https://www.googleadservices.com/pagead/managed/js/activeview/current/reach_worklet.html:0
[   42701ms] [ERROR] Attestation check for Shared Storage on https://www.googleadservices.com failed. @ https://www.googleadservices.com/pagead/managed/js/activeview/current/reach_worklet.html:0
[   61162ms] [ERROR] Attestation check for Shared Storage on https://www.googleadservices.com failed. @ https://www.googleadservices.com/pagead/managed/js/activeview/current/reach_worklet.html:0
[   61575ms] [DIR] SyntaxError @ https://js.ad-score.com/score.min.js?pid=1000925&tt=g:1
[   61839ms] Uncaught TypeError: Cannot convert undefined or null to object
    at Yb (https://js.ad-score.com/score.min.js?pid=1000925&tt=g:1:298960)
    at <anonymous> (https://js.ad-score.com/score.min.js?pid=1000925&tt=g:1:299923)
    at <anonymous> (https://js.ad-score.com/score.min.js?pid=1000925&tt=g:1:300111)
    at YG (https://js.ad-score.com/score.min.js?pid=1000925&tt=g:1:300912)
[   62251ms] [TIMEEND] a: 0.0009765625 ms @ https://static.adsafeprotected.com/sca.17.6.4.js:31
[   79133ms] [ERROR] Failed to load resource: net::ERR_CONNECTION_REFUSED @ https://ssc.33across.com/api/v1/hb?guid=dk6Sv8Q1Cr74oerkHcnnVW:0
[   79813ms] [INFO] [REFRESH PATCH] Injecting targeting {key: AnonymisedSignalLift, value: 1} @ https://static.anonymised.io/light/loader.js?ref=prebid:6
[   80043ms] Uncaught ReferenceError: setTimeout is not defined
    at lc (https://pagead2.googlesyndication.com/pagead/managed/js/activeview/current/ufs_web_display.js:81:154)
    at nc (https://pagead2.googlesyndication.com/pagead/managed/js/activeview/current/ufs_web_display.js:81:233)
    at qc.next (https://pagead2.googlesyndication.com/pagead/managed/js/activeview/current/ufs_web_display.js:82:234)
    at n.ie (https://pagead2.googlesyndication.com/pagead/managed/js/activeview/current/ufs_web_display.js:81:755)
    at n.next (https://pagead2.googlesyndication.com/pagead/managed/js/activeview/current/ufs_web_display.js:81:522)
    at h (https://pagead2.googlesyndication.com/pagead/managed/js/activeview/current/ufs_web_display.js:94:476)
    at _.Hz (https://securepubads.g.doubleclick.net/pagead/managed/js/gpt/m202607090101/pubads_impl.js?cb=31099651:18:242287)
    at <anonymous> (https://securepubads.g.doubleclick.net/pagead/managed/js/gpt/m202607090101/pubads_impl.js?cb=31099651:18:590325)
    at _.I.G (https://securepubads.g.doubleclick.net/pagead/managed/js/gpt/m202607090101/pubads_impl.js?cb=31099651:18:254775)
    at U.G (https://securepubads.g.doubleclick.net/pagead/managed/js/gpt/m202607090101/pubads_impl.js?cb=31099651:18:347298)
    at _.I.dispose (https://securepubads.g.doubleclick.net/pagead/managed/js/gpt/m202607090101/pubads_impl.js?cb=31099651:18:254529)
    at J0 (https://securepubads.g.doubleclick.net/pagead/managed/js/gpt/m202607090101/pubads_impl.js?cb=31099651:18:592851)
    at a0 (https://securepubads.g.doubleclick.net/pagead/managed/js/gpt/m202607090101/pubads_impl.js?cb=31099651:18:593118)
    at Aa (https://securepubads.g.doubleclick.net/pagead/managed/js/gpt/m202607090101/pubads_impl.js?cb=31099651:18:610420)
    at <anonymous> (https://securepubads.g.doubleclick.net/pagead/managed/js/gpt/m202607090101/pubads_impl.js?cb=31099651:18:610539)
    at ME (https://securepubads.g.doubleclick.net/pagead/managed/js/gpt/m202607090101/pubads_impl.js?cb=31099651:18:205240)
    at OE.next (https://securepubads.g.doubleclick.net/pagead/managed/js/gpt/m202607090101/pubads_impl.js?cb=31099651:18:205534)
    at b (https://securepubads.g.doubleclick.net/pagead/managed/js/gpt/m202607090101/pubads_impl.js?cb=31099651:18:205786)
[   80065ms] [WARNING] An iframe which has both allow-scripts and allow-same-origin for its sandbox attribute can escape its sandboxing. @ https://snackmedia-ron-tagan.adlightning.com/op.js:0
[    2596ms] [ERROR] Attestation check for Shared Storage on https://www.googleadservices.com failed. @ https://www.googleadservices.com/pagead/managed/js/activeview/current/reach_worklet.html:0
[    3231ms] [ERROR] Attestation check for Shared Storage on https://www.googleadservices.com failed. @ https://www.googleadservices.com/pagead/managed/js/activeview/current/reach_worklet.html:0
[    4130ms] [ERROR] Attestation check for Shared Storage on https://www.googleadservices.com failed. @ https://www.googleadservices.com/pagead/managed/js/activeview/current/reach_worklet.html:0
[    4629ms] [ERROR] Attestation check for Shared Storage on https://www.googleadservices.com failed. @ https://www.googleadservices.com/pagead/managed/js/activeview/current/reach_worklet.html:0
[   23131ms] [ERROR] Attestation check for Shared Storage on https://www.googleadservices.com failed. @ https://www.googleadservices.com/pagead/managed/js/activeview/current/reach_worklet.html:0
[   23547ms] [ERROR] Attestation check for Shared Storage on https://www.googleadservices.com failed. @ https://www.googleadservices.com/pagead/managed/js/activeview/current/reach_worklet.html:0
[   42318ms] [ERROR] Attestation check for Shared Storage on https://www.googleadservices.com failed. @ https://www.googleadservices.com/pagead/managed/js/activeview/current/reach_worklet.html:0
[   42701ms] [ERROR] Attestation check for Shared Storage on https://www.googleadservices.com failed. @ https://www.googleadservices.com/pagead/managed/js/activeview/current/reach_worklet.html:0
[   61162ms] [ERROR] Attestation check for Shared Storage on https://www.googleadservices.com failed. @ https://www.googleadservices.com/pagead/managed/js/activeview/current/reach_worklet.html:0
[   80214ms] [ERROR] Attestation check for Shared Storage on https://www.googleadservices.com failed. @ https://www.googleadservices.com/pagead/managed/js/activeview/current/reach_worklet.html:0
[   80622ms] [DIR] SyntaxError @ https://js.ad-score.com/score.min.js?pid=1000925&tt=g:1
[   80892ms] Uncaught TypeError: Cannot convert undefined or null to object
    at Yb (https://js.ad-score.com/score.min.js?pid=1000925&tt=g:1:298960)
    at <anonymous> (https://js.ad-score.com/score.min.js?pid=1000925&tt=g:1:299923)
    at <anonymous> (https://js.ad-score.com/score.min.js?pid=1000925&tt=g:1:300111)
    at YG (https://js.ad-score.com/score.min.js?pid=1000925&tt=g:1:300912)
[   81269ms] [TIMEEND] a: 0.003173828125 ms @ https://static.adsafeprotected.com/sca.17.6.4.js:31
[   98158ms] [ERROR] Failed to load resource: net::ERR_CONNECTION_REFUSED @ https://ssc.33across.com/api/v1/hb?guid=dk6Sv8Q1Cr74oerkHcnnVW:0
[   99107ms] [INFO] [REFRESH PATCH] Injecting targeting {key: AnonymisedSignalLift, value: 1} @ https://static.anonymised.io/light/loader.js?ref=prebid:6
[   99733ms] Uncaught ReferenceError: setTimeout is not defined
    at lc (https://pagead2.googlesyndication.com/pagead/managed/js/activeview/current/ufs_web_display.js:81:154)
    at nc (https://pagead2.googlesyndication.com/pagead/managed/js/activeview/current/ufs_web_display.js:81:233)
    at qc.next (https://pagead2.googlesyndication.com/pagead/managed/js/activeview/current/ufs_web_display.js:82:234)
    at n.ie (https://pagead2.googlesyndication.com/pagead/managed/js/activeview/current/ufs_web_display.js:81:755)
    at n.next (https://pagead2.googlesyndication.com/pagead/managed/js/activeview/current/ufs_web_display.js:81:522)
    at h (https://pagead2.googlesyndication.com/pagead/managed/js/activeview/current/ufs_web_display.js:94:476)
    at _.Hz (https://securepubads.g.doubleclick.net/pagead/managed/js/gpt/m202607090101/pubads_impl.js?cb=31099651:18:242287)
    at <anonymous> (https://securepubads.g.doubleclick.net/pagead/managed/js/gpt/m202607090101/pubads_impl.js?cb=31099651:18:590325)
    at _.I.G (https://securepubads.g.doubleclick.net/pagead/managed/js/gpt/m202607090101/pubads_impl.js?cb=31099651:18:254775)
    at U.G (https://securepubads.g.doubleclick.net/pagead/managed/js/gpt/m202607090101/pubads_impl.js?cb=31099651:18:347298)
    at _.I.dispose (https://securepubads.g.doubleclick.net/pagead/managed/js/gpt/m202607090101/pubads_impl.js?cb=31099651:18:254529)
    at J0 (https://securepubads.g.doubleclick.net/pagead/managed/js/gpt/m202607090101/pubads_impl.js?cb=31099651:18:592851)
    at a0 (https://securepubads.g.doubleclick.net/pagead/managed/js/gpt/m202607090101/pubads_impl.js?cb=31099651:18:593118)
    at Aa (https://securepubads.g.doubleclick.net/pagead/managed/js/gpt/m202607090101/pubads_impl.js?cb=31099651:18:610420)
    at <anonymous> (https://securepubads.g.doubleclick.net/pagead/managed/js/gpt/m202607090101/pubads_impl.js?cb=31099651:18:610539)
    at ME (https://securepubads.g.doubleclick.net/pagead/managed/js/gpt/m202607090101/pubads_impl.js?cb=31099651:18:205240)
    at OE.next (https://securepubads.g.doubleclick.net/pagead/managed/js/gpt/m202607090101/pubads_impl.js?cb=31099651:18:205534)
    at b (https://securepubads.g.doubleclick.net/pagead/managed/js/gpt/m202607090101/pubads_impl.js?cb=31099651:18:205786)
[   99760ms] [WARNING] An iframe which has both allow-scripts and allow-same-origin for its sandbox attribute can escape its sandboxing. @ https://snackmedia-ron-tagan.adlightning.com/op.js:0
[    2596ms] [ERROR] Attestation check for Shared Storage on https://www.googleadservices.com failed. @ https://www.googleadservices.com/pagead/managed/js/activeview/current/reach_worklet.html:0
[    3231ms] [ERROR] Attestation check for Shared Storage on https://www.googleadservices.com failed. @ https://www.googleadservices.com/pagead/managed/js/activeview/current/reach_worklet.html:0
[    4130ms] [ERROR] Attestation check for Shared Storage on https://www.googleadservices.com failed. @ https://www.googleadservices.com/pagead/managed/js/activeview/current/reach_worklet.html:0
[    4629ms] [ERROR] Attestation check for Shared Storage on https://www.googleadservices.com failed. @ https://www.googleadservices.com/pagead/managed/js/activeview/current/reach_worklet.html:0
[   23131ms] [ERROR] Attestation check for Shared Storage on https://www.googleadservices.com failed. @ https://www.googleadservices.com/pagead/managed/js/activeview/current/reach_worklet.html:0
[   23547ms] [ERROR] Attestation check for Shared Storage on https://www.googleadservices.com failed. @ https://www.googleadservices.com/pagead/managed/js/activeview/current/reach_worklet.html:0
[   42318ms] [ERROR] Attestation check for Shared Storage on https://www.googleadservices.com failed. @ https://www.googleadservices.com/pagead/managed/js/activeview/current/reach_worklet.html:0
[   42701ms] [ERROR] Attestation check for Shared Storage on https://www.googleadservices.com failed. @ https://www.googleadservices.com/pagead/managed/js/activeview/current/reach_worklet.html:0
[   61162ms] [ERROR] Attestation check for Shared Storage on https://www.googleadservices.com failed. @ https://www.googleadservices.com/pagead/managed/js/activeview/current/reach_worklet.html:0
[   80214ms] [ERROR] Attestation check for Shared Storage on https://www.googleadservices.com failed. @ https://www.googleadservices.com/pagead/managed/js/activeview/current/reach_worklet.html:0
[  100024ms] [ERROR] Attestation check for Shared Storage on https://www.googleadservices.com failed. @ https://www.googleadservices.com/pagead/managed/js/activeview/current/reach_worklet.html:0
[  100398ms] [DIR] SyntaxError @ https://js.ad-score.com/score.min.js?pid=1000925&tt=g:1
[  100733ms] Uncaught TypeError: Cannot convert undefined or null to object
    at Yb (https://js.ad-score.com/score.min.js?pid=1000925&tt=g:1:298960)
    at <anonymous> (https://js.ad-score.com/score.min.js?pid=1000925&tt=g:1:299923)
    at <anonymous> (https://js.ad-score.com/score.min.js?pid=1000925&tt=g:1:300111)
    at YG (https://js.ad-score.com/score.min.js?pid=1000925&tt=g:1:300912)
[  101139ms] [TIMEEND] a: 0.0029296875 ms @ https://static.adsafeprotected.com/sca.17.6.4.js:31
[  117925ms] [ERROR] Failed to load resource: net::ERR_CONNECTION_REFUSED @ https://ssc.33across.com/api/v1/hb?guid=dk6Sv8Q1Cr74oerkHcnnVW:0
[  118654ms] [INFO] [REFRESH PATCH] Injecting targeting {key: AnonymisedSignalLift, value: 1} @ https://static.anonymised.io/light/loader.js?ref=prebid:6
[  118946ms] [ERROR] Failed to load resource: net::ERR_CONNECTION_REFUSED @ https://ssc.33across.com/api/v1/hb?guid=dk6Sv8Q1Cr74oerkHcnnVW:0
[  119650ms] [INFO] [REFRESH PATCH] Injecting targeting {key: AnonymisedSignalLift, value: 1} @ https://static.anonymised.io/light/loader.js?ref=prebid:6
[  137948ms] [ERROR] Failed to load resource: net::ERR_CONNECTION_REFUSED @ https://ssc.33across.com/api/v1/hb?guid=dk6Sv8Q1Cr74oerkHcnnVW:0
[  140939ms] [INFO] [REFRESH PATCH] Injecting targeting {key: AnonymisedSignalLift, value: 1} @ https://static.anonymised.io/light/loader.js?ref=prebid:6
[  159201ms] [ERROR] Failed to load resource: net::ERR_CONNECTION_REFUSED @ https://ssc.33across.com/api/v1/hb?guid=dk6Sv8Q1Cr74oerkHcnnVW:0
[  162192ms] [INFO] [REFRESH PATCH] Injecting targeting {key: AnonymisedSignalLift, value: 1} @ https://static.anonymised.io/light/loader.js?ref=prebid:6
