[     116ms] [ERROR] Failed to load resource: the server responded with a status of 404 (Not Found) @ https://csync.copper6.com/fbd260923f6815f04a34938c00400dd6.gif?gdpr=0&gdpr_consent=&redir=https%3A%2F%2Fs.ad.smaato.net%2Fc%2F%3FdspId%3D1248%26dspCookie%3D%5BUID%5D%26gdpr%3D0%26gdpr_consent%3D:0
[    2040ms] [WARNING] AdSense head tag doesn't support data-nscript attribute. @ https://www.fotmob.com/_next/static/chunks/pages/_app-cebafe5c08ffe5ae.js:5
[    2056ms] [WARNING] [GPT] PubAdsService.disableInitialLoad is deprecated, use googletag.setConfig({disableInitialLoad: ...}) instead.
https://goo.gle/gpt-message#170 @ https://www.fotmob.com/_next/static/chunks/pages/_app-cebafe5c08ffe5ae.js:5
[    2156ms] [ERROR] Not signed in with the identity provider. @ https://www.fotmob.com/match/4507106:0
[    3298ms] [ERROR] Failed to load resource: the server responded with a status of 403 () @ https://prebid.smilewanted.com/:0
[    3825ms] [WARNING] [GPT] Slot.updateTargetingFromMap is deprecated, use Slot.setConfig({targeting: ...}) instead.
https://goo.gle/gpt-message#171 @ https://www.fotmob.com/_next/static/chunks/pages/_app-cebafe5c08ffe5ae.js:5
[    3947ms] [ERROR] Failed to load resource: net::ERR_NETWORK_IO_SUSPENDED @ https://m7vdrvrgmg.eu-west-1.awsapprunner.com/api/frontend/client/metrics:0
[    3950ms] [ERROR] Unleash: unable to send feature metrics TypeError: Failed to fetch
    at https://www.fotmob.com/_next/static/chunks/pages/_app-cebafe5c08ffe5ae.js:6:350995
    at e.<anonymous> (https://www.fotmob.com/_next/static/chunks/pages/_app-cebafe5c08ffe5ae.js:8:9535)
    at https://www.fotmob.com/_next/static/chunks/pages/_app-cebafe5c08ffe5ae.js:8:5380
    at Object.next (https://www.fotmob.com/_next/static/chunks/pages/_app-cebafe5c08ffe5ae.js:8:5485)
    at https://www.fotmob.com/_next/static/chunks/pages/_app-cebafe5c08ffe5ae.js:8:4333
    at new Promise (<anonymous>)
    at i (https://www.fotmob.com/_next/static/chunks/pages/_app-cebafe5c08ffe5ae.js:8:4082)
    at e.sendMetrics (https://www.fotmob.com/_next/static/chunks/pages/_app-cebafe5c08ffe5ae.js:8:9295)
    at https://www.fotmob.com/_next/static/chunks/pages/_app-cebafe5c08ffe5ae.js:8:8822
    at t (https://www.fotmob.com/_next/static/chunks/pages/_app-cebafe5c08ffe5ae.js:6:341597) @ https://www.fotmob.com/_next/static/chunks/pages/_app-cebafe5c08ffe5ae.js:5
[    6827ms] [ERROR] [GSI_LOGGER]: FedCM get() rejects with NetworkError: Error retrieving a token. @ https://www.fotmob.com/_next/static/chunks/pages/_app-cebafe5c08ffe5ae.js:5
[    7099ms] [ERROR] Failed to load resource: the server responded with a status of 403 () @ chrome-error://chromewebdata/:0
[    7101ms] [ERROR] Refused to display 'https://csync.smilewanted.com/' in a frame because it set 'X-Frame-Options' to 'sameorigin'. @ chrome-error://chromewebdata/:0
[    7486ms] [ERROR] Failed to load resource: net::ERR_NAME_NOT_RESOLVED @ https://cm-x.mgid.com/5f771db5775920b3ea597ee1392355e9.gif?puid=[UID]&redir=https%3A%2F%2Fs.ad.smaato.net%2Fc%2F%3FdspId%3D1466%26dspCookie%3D%5BUID%5D%26gdpr%3D0%26gdpr_consent%3D&gdpr=0&gdpr_consent=&coppa=[COPPA]&gpp=[GPP]&gpp_sid=[GPP_SID]:0
[    7690ms] [ERROR] Failed to load resource: net::ERR_CERT_DATE_INVALID @ https://measureadv.com/user?gdpr=0&gdpr_consent=&usp_consent=&p=4:0
[    7764ms] [ERROR] Failed to load resource: the server responded with a status of 404 (Not Found) @ https://us.shb-sync.com/bf2ecb77-8b3f-11ed-9a3c-0cc47a787f5e.gif?puid=[UID]&redir=https%3A%2F%2Fs.ad.smaato.net%2Fc%2F%3FdspId%3D1074%26dspCookie%3D%5BUID%5D%26gdpr%3D0%26gdpr_consent%3D&gdpr=0&gdpr_consent=:0
[    7690ms] [ERROR] Failed to load resource: net::ERR_CERT_DATE_INVALID @ https://measureadv.com/user?gdpr=0&gdpr_consent=&usp_consent=&p=4:0
[    7773ms] [ERROR] Failed to load resource: the server responded with a status of 400 () @ https://match.sharethrough.com/universal/v1?supply_id=av4BPcZO&gdpr=0&gdpr_consent=:0
[    7779ms] [ERROR] Failed to load resource: the server responded with a status of 404 (Not Found) @ https://us.shb-sync.com/bf2debb3-8b3f-11ed-9a3c-0cc47a787f5e.gif?redir=https%3A%2F%2Fs.ad.smaato.net%2Fc%2F%3FdspId%3D1170%26dspCookie%3D%24UID%26gdpr%3D0%26gdpr_consent%3D&gdpr=0&gdpr_consent=:0
[    7789ms] [ERROR] Failed to load resource: the server responded with a status of 404 (Not Found) @ https://sync-tb.yrxtam.com/ffb9b365d87c2b3126298b7483e4ddd1.gif?puid=[UID]&redir=https%3A%2F%2Fs.ad.smaato.net%2Fc%2F%3FdspId%3D1519%26dspCookie%3D%24UID%26gdpr%3D0%26gdpr_consent%3D&gdpr=0&gdpr_consent=&coppa=[COPPA]&gpp=[GPP]&gpp_sid=[GPP_SID]:0
[    7795ms] [ERROR] Failed to load resource: the server responded with a status of 404 (Not Found) @ https://us.shb-sync.com/bf2ecb77-8b3f-11ed-9a3c-0cc47a787f5e.gif?puid=[UID]&redir=https%3A%2F%2Fs.ad.smaato.net%2Fc%2F%3FdspId%3D1074%26dspCookie%3D%5BUID%5D%26gdpr%3D0%26gdpr_consent%3D&gdpr=0&gdpr_consent=:0
[    7978ms] [ERROR] Failed to load resource: net::ERR_NAME_NOT_RESOLVED @ https://visitor-gen01.omnitagjs.com/visitor/bsync?uid=e60f57431e7a9861d59a42cd478b2ea2&name=gen01&url=https%3A%2F%2Fusersync-us.digital-services.solutions%2Fapi%2Fusersync%3Fpass_back%3D1%26partner%3Dopenweb%26external_uid%3DPARTNER_USER_ID%26gdpr%3DGDPR%26gdpr_consent%3DGDPR_CONSENT%26msg%3Dc39b00b6e9d5c1d80cdf73cb7d12516a619a9e3a2ffd7bddf29926ec01da14d1:0
[    9476ms] [ERROR] Failed to load resource: the server responded with a status of 404 (Not Found) @ https://csync.copper6.com/fbd260923f6815f04a34938c00400dd6.gif?gdpr=0&gdpr_consent=&redir=https%3A%2F%2Fs.ad.smaato.net%2Fc%2F%3FdspId%3D1248%26dspCookie%3D%5BUID%5D%26gdpr%3D0%26gdpr_consent%3D:0
