[    1734ms] [WARNING] AdSense head tag doesn't support data-nscript attribute. @ https://www.fotmob.com/_next/static/chunks/pages/_app-cebafe5c08ffe5ae.js:5
[    1765ms] [WARNING] [GPT] PubAdsService.disableInitialLoad is deprecated, use googletag.setConfig({disableInitialLoad: ...}) instead.
https://goo.gle/gpt-message#170 @ https://www.fotmob.com/_next/static/chunks/pages/_app-cebafe5c08ffe5ae.js:5
[    1848ms] [ERROR] Not signed in with the identity provider. @ https://www.fotmob.com/match/4506766:0
[    2452ms] [ERROR] Failed to load resource: the server responded with a status of 403 () @ https://prebid.smilewanted.com/:0
[    2903ms] [WARNING] [GPT] Slot.updateTargetingFromMap is deprecated, use Slot.setConfig({targeting: ...}) instead.
https://goo.gle/gpt-message#171 @ https://www.fotmob.com/_next/static/chunks/pages/_app-cebafe5c08ffe5ae.js:5
[    6134ms] [ERROR] Failed to load resource: the server responded with a status of 403 () @ chrome-error://chromewebdata/:0
[    6136ms] [ERROR] Refused to display 'https://csync.smilewanted.com/' in a frame because it set 'X-Frame-Options' to 'sameorigin'. @ chrome-error://chromewebdata/:0
[    6439ms] [ERROR] Failed to load resource: net::ERR_NAME_NOT_RESOLVED @ https://cm-x.mgid.com/5f771db5775920b3ea597ee1392355e9.gif?puid=[UID]&redir=https%3A%2F%2Fs.ad.smaato.net%2Fc%2F%3FdspId%3D1466%26dspCookie%3D%5BUID%5D%26gdpr%3D0%26gdpr_consent%3D&gdpr=0&gdpr_consent=&coppa=[COPPA]&gpp=[GPP]&gpp_sid=[GPP_SID]:0
[    6574ms] [ERROR] Failed to load resource: the server responded with a status of 404 (Not Found) @ https://sync-tb.yrxtam.com/ffb9b365d87c2b3126298b7483e4ddd1.gif?puid=[UID]&redir=https%3A%2F%2Fs.ad.smaato.net%2Fc%2F%3FdspId%3D1519%26dspCookie%3D%24UID%26gdpr%3D0%26gdpr_consent%3D&gdpr=0&gdpr_consent=&coppa=[COPPA]&gpp=[GPP]&gpp_sid=[GPP_SID]:0
[    6575ms] [ERROR] Failed to load resource: the server responded with a status of 404 (Not Found) @ https://csync.copper6.com/fbd260923f6815f04a34938c00400dd6.gif?gdpr=0&gdpr_consent=&redir=https%3A%2F%2Fs.ad.smaato.net%2Fc%2F%3FdspId%3D1248%26dspCookie%3D%5BUID%5D%26gdpr%3D0%26gdpr_consent%3D:0
[    6759ms] [ERROR] Failed to load resource: the server responded with a status of 400 () @ https://match.sharethrough.com/universal/v1?supply_id=av4BPcZO&gdpr=0&gdpr_consent=:0
[    6760ms] [ERROR] Failed to load resource: the server responded with a status of 404 (Not Found) @ https://us.shb-sync.com/bf2ecb77-8b3f-11ed-9a3c-0cc47a787f5e.gif?puid=[UID]&redir=https%3A%2F%2Fs.ad.smaato.net%2Fc%2F%3FdspId%3D1074%26dspCookie%3D%5BUID%5D%26gdpr%3D0%26gdpr_consent%3D&gdpr=0&gdpr_consent=:0
[    6763ms] [ERROR] Failed to load resource: the server responded with a status of 404 (Not Found) @ https://us.shb-sync.com/bf2debb3-8b3f-11ed-9a3c-0cc47a787f5e.gif?redir=https%3A%2F%2Fs.ad.smaato.net%2Fc%2F%3FdspId%3D1170%26dspCookie%3D%24UID%26gdpr%3D0%26gdpr_consent%3D&gdpr=0&gdpr_consent=:0
[    6960ms] [ERROR] Failed to load resource: net::ERR_CERT_DATE_INVALID @ https://measureadv.com/user?gdpr=0&gdpr_consent=&usp_consent=&p=4:0
[    6134ms] [ERROR] Failed to load resource: the server responded with a status of 403 () @ chrome-error://chromewebdata/:0
[    6136ms] [ERROR] Refused to display 'https://csync.smilewanted.com/' in a frame because it set 'X-Frame-Options' to 'sameorigin'. @ chrome-error://chromewebdata/:0
[    7115ms] [ERROR] Failed to load resource: the server responded with a status of 403 () @ chrome-error://chromewebdata/:0
[    7117ms] [ERROR] Refused to display 'https://csync.smilewanted.com/' in a frame because it set 'X-Frame-Options' to 'sameorigin'. @ chrome-error://chromewebdata/:0
[    7156ms] [LOG] Recent pixels found, Skipping... @ https://usync.ingage.tech/?gdpr=&gdpr_consent=&us_privacy=&redirect=https%3A%2F%2Fcookies.nextmillmedia.com%2Fsetuid%3Fbidder%3Dinsticator%26nmuid%3D11390c1a-062f-400c-874a-9f598d721378%26gdpr%3D%26gdpr_consent%3D%26us_privacy%3D%26uid%3D%24UID:0
[    7350ms] [ERROR] Failed to load resource: net::ERR_NAME_NOT_RESOLVED @ https://cs.iqzone.com/6f0476ca45e1d6b67e3ee8d57532a022.gif?redir=https%3A%2F%2Fsync.cootlogix.com%2Fapi%2Fcookie%3FpartnerId%3Diqzone%26gdpr%3D%26gdpr_consent%3D%26us_privacy%3D%26userId%3D%5BUID%5D&gdpr=&gdpr_consent=&ccpa=:0
[    7398ms] [ERROR] Failed to load resource: the server responded with a status of 404 () @ https://cs.admanmedia.com/292deb7c3c2bf25073c04bb900f3a44a.gif??gdpr=&gdpr_consent=&us_privacy=&redir=https%3A%2F%2Fcookies.nextmillmedia.com%2Fsetuid%3Fbidder%3Dadmanmedia%26nmuid%3D11390c1a-062f-400c-874a-9f598d721378%26gdpr%3D%26gdpr_consent%3D%26us_privacy%3D%26uid%3D%5BUID%5D:0
[    7627ms] [ERROR] Failed to load resource: the server responded with a status of 404 (Not Found) @ https://us4.shb-sync.com/a760a5a7-e35e-49b8-9f5e-723455346741.gif?puid=4adbc5db-6208-dbda-2d49-34a589f74283&gdpr=&gdpr_consent=ccpa=:0
[    7800ms] [ERROR] Failed to load resource: the server responded with a status of 404 () @ https://ittpx.eskimi.com/sync?sp_id=238&gdpr=undefined&gdpr_consent=undefined&us_privacy=undefined&gpp=undefined&gpp_sid=undefined:0
[    8149ms] [ERROR] Failed to load resource: the server responded with a status of 400 () @ https://ssum-sec.casalemedia.com/usermatch?s=194558&cb=https%3A%2F%2Fu-ams.4dex.io%2Fsetuid%3Fbidder%3Dindexexchange%26it%3Dortb%26uid%3D:0
