[    1872ms] [LOG] checkRepeaterAdsOnPage ran [div, div] @ https://cdn-adm.pbstck.com/extra-scripts/337feb8f/6566e9c6/incrementor.1737388771934.js:5
[    1874ms] [LOG] Snack AB Test Variant: pubstack_original @ https://cdn-adm.pbstck.com/extra-scripts/337feb8f/669597c6/snack_no_cmp_ab_track_site.1770726791792.js:107
[    1893ms] [ERROR] Access to script at 'https://snackmedia-ron-tagan.adlightning.com/op.js' from origin 'https://www.whoscored.com' has been blocked by CORS policy: No 'Access-Control-Allow-Origin' header is present on the requested resource. @ https://www.whoscored.com/regions/252/tournaments/2/seasons/10316/england-premier-league:0
[    1893ms] [ERROR] Failed to load resource: net::ERR_FAILED @ https://snackmedia-ron-tagan.adlightning.com/op.js:0
[    2093ms] [LOG] Request error: No Campaign Found
    at wr (https://b2b-static.oddschecker.com/oc-widgets/oc-connect-widget/index.js:2:54282)
    at r (https://b2b-static.oddschecker.com/oc-widgets/oc-connect-widget/index.js:2:54762)
    at async Cr (https://b2b-static.oddschecker.com/oc-widgets/oc-connect-widget/index.js:2:54139)
    at async Er (https://b2b-static.oddschecker.com/oc-widgets/oc-connect-widget/index.js:2:55007)
    at async qa.Xa (https://b2b-static.oddschecker.com/oc-widgets/oc-connect-widget/index.js:18:1278)
    at async https://b2b-static.oddschecker.com/oc-widgets/oc-connect-widget/index.js:18:273
    at async Ea (https://b2b-static.oddschecker.com/oc-widgets/oc-connect-widget/index.js:3:13375)
    at async qa.connectedCallback (https://b2b-static.oddschecker.com/oc-widgets/oc-connect-widget/index.js:18:234) @ https://b2b-static.oddschecker.com/oc-widgets/oc-connect-widget/index.js:1
[    2126ms] [ERROR] The script resource is behind a redirect, which is disallowed. @ :0
[    2333ms] [ERROR] Failed to load resource: net::ERR_CONNECTION_REFUSED @ https://ssc.33across.com/api/v1/hb?guid=dk6Sv8Q1Cr74oerkHcnnVW:0
[    2347ms] [WARNING] [GPT] Slot.getTargeting is deprecated, use Slot.getConfig('targeting') instead.
https://goo.gle/gpt-message#201 @ https://securepubads.g.doubleclick.net/pagead/managed/js/gpt/m202607160101/pubads_impl.js:18
[    2349ms] [LOG] Request error: No Campaign Found
    at wr (https://b2b-static.oddschecker.com/oc-widgets/oc-connect-widget/index.js:2:54282)
    at r (https://b2b-static.oddschecker.com/oc-widgets/oc-connect-widget/index.js:2:54762)
    at async Cr (https://b2b-static.oddschecker.com/oc-widgets/oc-connect-widget/index.js:2:54139)
    at async Er (https://b2b-static.oddschecker.com/oc-widgets/oc-connect-widget/index.js:2:55007)
    at async qa.Xa (https://b2b-static.oddschecker.com/oc-widgets/oc-connect-widget/index.js:18:1278)
    at async https://b2b-static.oddschecker.com/oc-widgets/oc-connect-widget/index.js:18:273
    at async Ea (https://b2b-static.oddschecker.com/oc-widgets/oc-connect-widget/index.js:3:13375)
    at async qa.connectedCallback (https://b2b-static.oddschecker.com/oc-widgets/oc-connect-widget/index.js:18:234) @ https://b2b-static.oddschecker.com/oc-widgets/oc-connect-widget/index.js:1
[    2424ms] [INFO] [GPT PATCH] Initializing googletag.setConfig patch @ https://static.anonymised.io/light/loader.js?ref=prebid?ref=prebid&d=www.whoscored.com:6
[    2424ms] [INFO] [GPT PATCH] googletag.setConfig successfully patched @ https://static.anonymised.io/light/loader.js?ref=prebid?ref=prebid&d=www.whoscored.com:6
[    2424ms] [INFO] [PPID PATCH] setPublisherProvidedId patched @ https://static.anonymised.io/light/loader.js?ref=prebid?ref=prebid&d=www.whoscored.com:6
[    2424ms] [INFO] [REFRESH PATCH] pubads.refresh patched @ https://static.anonymised.io/light/loader.js?ref=prebid?ref=prebid&d=www.whoscored.com:6
[    2424ms] [WARNING] [GPT] PubAdsService.setTargeting is deprecated, use googletag.setConfig({targeting: ...}) instead.
https://goo.gle/gpt-message#170 @ https://securepubads.g.doubleclick.net/pagead/managed/js/gpt/m202607160101/pubads_impl.js:18
[    2425ms] [INFO] [PPID PATCH] Injecting CUID as PPID (Tier 2) {original: 0107d67c-7b7e-4893-9703-cd575e2b7cb9, injected: 0107d67c-7b7e-4893-9703-cd575e2b7cb9} @ https://static.anonymised.io/light/loader.js?ref=prebid?ref=prebid&d=www.whoscored.com:6
[    2425ms] [LOG] [GPT PATCH] Stored valid IAB audience [607] @ https://static.anonymised.io/light/loader.js?ref=prebid?ref=prebid&d=www.whoscored.com:6
[    2425ms] [LOG] [GPT PATCH] Passing setConfig through {pps: Object} @ https://static.anonymised.io/light/loader.js?ref=prebid?ref=prebid&d=www.whoscored.com:6
[    2628ms] [LOG] Starting 3pc test @ https://static.anonm.io/light/check3pc.html:10
[    2628ms] [LOG] 3PC enabled: true @ https://static.anonm.io/light/check3pc.html:33
[    2629ms] [LOG] Storage API: cookie access granted @ https://static.anonm.io/light/check3pc.html:16
[    2850ms] [ERROR] Attestation check for Shared Storage on https://www.googleadservices.com failed. @ https://www.googleadservices.com/pagead/managed/js/activeview/current/reach_worklet.html:0
[    2883ms] [INFO] [REFRESH PATCH] Injecting targeting {key: AnonymisedSignalLift, value: 3} @ https://static.anonymised.io/light/loader.js?ref=prebid?ref=prebid&d=www.whoscored.com:6
[    3004ms] [ERROR] Failed to load resource: net::ERR_CONNECTION_REFUSED @ https://ssc.33across.com/api/v1/hb?guid=dk6Sv8Q1Cr74oerkHcnnVW:0
[    3442ms] [INFO] [REFRESH PATCH] Injecting targeting {key: AnonymisedSignalLift, value: 3} @ https://static.anonymised.io/light/loader.js?ref=prebid?ref=prebid&d=www.whoscored.com:6
[    3522ms] [ERROR] Failed to load resource: net::ERR_CONNECTION_REFUSED @ https://ssc.33across.com/api/v1/hb?guid=dk6Sv8Q1Cr74oerkHcnnVW:0
[    3652ms] [ERROR] Error: empty facts array
    at he (https://b2b-static.oddschecker.com/oc-widgets/oc-match-facts-widget/index.js:1:16118)
    at Oo (https://b2b-static.oddschecker.com/oc-widgets/assets/client-CHdk01rP.js:8:47548)
    at yc (https://b2b-static.oddschecker.com/oc-widgets/assets/client-CHdk01rP.js:8:69975)
    at Ic (https://b2b-static.oddschecker.com/oc-widgets/assets/client-CHdk01rP.js:8:80232)
    at Mu (https://b2b-static.oddschecker.com/oc-widgets/assets/client-CHdk01rP.js:8:115541)
    at ku (https://b2b-static.oddschecker.com/oc-widgets/assets/client-CHdk01rP.js:8:114624)
    at Ou (https://b2b-static.oddschecker.com/oc-widgets/assets/client-CHdk01rP.js:8:114463)
    at gu (https://b2b-static.oddschecker.com/oc-widgets/assets/client-CHdk01rP.js:8:111332)
    at cd (https://b2b-static.oddschecker.com/oc-widgets/assets/client-CHdk01rP.js:8:122828)
    at ie (https://b2b-static.oddschecker.com/oc-widgets/assets/client-CHdk01rP.js:1:11762) @ https://b2b-static.oddschecker.com/oc-widgets/assets/client-CHdk01rP.js:7
[    2850ms] [ERROR] Attestation check for Shared Storage on https://www.googleadservices.com failed. @ https://www.googleadservices.com/pagead/managed/js/activeview/current/reach_worklet.html:0
[    4001ms] [INFO] [REFRESH PATCH] Injecting targeting {key: AnonymisedSignalLift, value: 3} @ https://static.anonymised.io/light/loader.js?ref=prebid?ref=prebid&d=www.whoscored.com:6
[    4015ms] [ERROR] Attestation check for Shared Storage on https://www.googleadservices.com failed. @ https://www.googleadservices.com/pagead/managed/js/activeview/current/reach_worklet.html:0
[    4069ms] [ERROR] Failed to load resource: net::ERR_CONNECTION_REFUSED @ https://ssc.33across.com/api/v1/hb?guid=dk6Sv8Q1Cr74oerkHcnnVW:0
[    4518ms] [WARNING] An iframe which has both allow-scripts and allow-same-origin for its sandbox attribute can escape its sandboxing. @ https://t.seedtag.com/c/headerBidding.js?cb=1784740800000:1
[    4675ms] [INFO] [REFRESH PATCH] Injecting targeting {key: AnonymisedSignalLift, value: 3} @ https://static.anonymised.io/light/loader.js?ref=prebid?ref=prebid&d=www.whoscored.com:6
[    4705ms] [ERROR] Failed to load resource: net::ERR_CONNECTION_REFUSED @ https://ssc.33across.com/api/v1/hb?guid=dk6Sv8Q1Cr74oerkHcnnVW:0
[    5195ms] [INFO] [REFRESH PATCH] Injecting targeting {key: AnonymisedSignalLift, value: 3} @ https://static.anonymised.io/light/loader.js?ref=prebid?ref=prebid&d=www.whoscored.com:6
[    2850ms] [ERROR] Attestation check for Shared Storage on https://www.googleadservices.com failed. @ https://www.googleadservices.com/pagead/managed/js/activeview/current/reach_worklet.html:0
[    4015ms] [ERROR] Attestation check for Shared Storage on https://www.googleadservices.com failed. @ https://www.googleadservices.com/pagead/managed/js/activeview/current/reach_worklet.html:0
[    6411ms] [ERROR] Attestation check for Shared Storage on https://www.googleadservices.com failed. @ https://www.googleadservices.com/pagead/managed/js/activeview/current/reach_worklet.html:0
[    6513ms] [ERROR] Failed to load resource: net::ERR_NAME_NOT_RESOLVED @ https://sync.spotim.market/csync/?t=a&ep=271858&extuid=4019755032219194087:0
[    7665ms] [ERROR] Failed to load resource: the server responded with a status of 404 () @ https://onetag-sys.com/static/mraid.js:0
[    7689ms] [ERROR] Failed to load resource: net::ERR_NAME_NOT_RESOLVED @ https://sync.bidlab.ai/e79de0480d7dbb7c9b94a5648d9a0d29.gif?puid=177c4af6-737d-47e5-bb2c-7a603113b5ed:0
[    8850ms] [TIMEEND] a: 0.001953125 ms @ https://static.adsafeprotected.com/sca.17.6.4.js:31
