[    1304ms] [LOG] checkRepeaterAdsOnPage ran [div] @ https://cdn-adm.pbstck.com/extra-scripts/337feb8f/6566e9c6/incrementor.1737388771934.js:5
[    1310ms] [LOG] Snack AB Test Variant: pubstack_original @ https://cdn-adm.pbstck.com/extra-scripts/337feb8f/669597c6/snack_no_cmp_ab_track_site.1770726791792.js:107
[    1523ms] [ERROR] Failed to load resource: net::ERR_CONNECTION_REFUSED @ https://ssc.33across.com/api/v1/hb?guid=dk6Sv8Q1Cr74oerkHcnnVW:0
[    1573ms] [WARNING] [GPT] Slot.getTargeting is deprecated, use Slot.getConfig('targeting') instead.
https://goo.gle/gpt-message#201 @ https://securepubads.g.doubleclick.net/pagead/managed/js/gpt/m202607090101/pubads_impl.js?cb=31099651:18
[    1585ms] [INFO] [GPT PATCH] Initializing googletag.setConfig patch @ https://static.anonymised.io/light/loader.js?ref=prebid:6
[    1585ms] [INFO] [GPT PATCH] googletag.setConfig successfully patched @ https://static.anonymised.io/light/loader.js?ref=prebid:6
[    1585ms] [INFO] [PPID PATCH] setPublisherProvidedId patched @ https://static.anonymised.io/light/loader.js?ref=prebid:6
[    1585ms] [INFO] [REFRESH PATCH] pubads.refresh patched @ https://static.anonymised.io/light/loader.js?ref=prebid:6
[    1585ms] [WARNING] [GPT] PubAdsService.setTargeting is deprecated, use googletag.setConfig({targeting: ...}) instead.
https://goo.gle/gpt-message#170 @ https://securepubads.g.doubleclick.net/pagead/managed/js/gpt/m202607090101/pubads_impl.js?cb=31099651:18
[    1586ms] [INFO] [PPID PATCH] Injecting CUID as PPID (Tier 2) {original: 0107d67c-7b7e-4893-9703-cd575e2b7cb9, injected: 0107d67c-7b7e-4893-9703-cd575e2b7cb9} @ https://static.anonymised.io/light/loader.js?ref=prebid:6
[    1586ms] [LOG] [GPT PATCH] Stored valid IAB audience [607] @ https://static.anonymised.io/light/loader.js?ref=prebid:6
[    1586ms] [LOG] [GPT PATCH] Passing setConfig through {pps: Object} @ https://static.anonymised.io/light/loader.js?ref=prebid:6
[    1698ms] [LOG] Starting 3pc test @ https://static.anonm.io/light/check3pc.html:10
[    1698ms] [LOG] 3PC enabled: true @ https://static.anonm.io/light/check3pc.html:33
[    1698ms] [LOG] Storage API: cookie access granted @ https://static.anonm.io/light/check3pc.html:16
[    1699ms] [WARNING] An iframe which has both allow-scripts and allow-same-origin for its sandbox attribute can escape its sandboxing. @ https://snackmedia-ron-tagan.adlightning.com/op.js:0
[    1803ms] [ERROR] The script resource is behind a redirect, which is disallowed. @ :0
[    1814ms] [ERROR] Attestation check for Shared Storage on https://www.googleadservices.com failed. @ https://www.googleadservices.com/pagead/managed/js/activeview/current/reach_worklet.html:0
[    2126ms] [INFO] [REFRESH PATCH] Injecting targeting {key: AnonymisedSignalLift, value: 3} @ https://static.anonymised.io/light/loader.js?ref=prebid:6
[    2196ms] [ERROR] Failed to load resource: net::ERR_CONNECTION_REFUSED @ https://ssc.33across.com/api/v1/hb?guid=dk6Sv8Q1Cr74oerkHcnnVW:0
[    2761ms] [INFO] [REFRESH PATCH] Injecting targeting {key: AnonymisedSignalLift, value: 3} @ https://static.anonymised.io/light/loader.js?ref=prebid:6
[    2797ms] [ERROR] Failed to load resource: net::ERR_CONNECTION_REFUSED @ https://ssc.33across.com/api/v1/hb?guid=dk6Sv8Q1Cr74oerkHcnnVW:0
[    3216ms] [INFO] [REFRESH PATCH] Injecting targeting {key: AnonymisedSignalLift, value: 3} @ https://static.anonymised.io/light/loader.js?ref=prebid:6
[    6166ms] [ERROR] Failed to load resource: net::ERR_NAME_NOT_RESOLVED @ https://sync.extend.tv/r.gif?exchange=liveramp&ZUID=4019755032219194087:0
[    6689ms] [ERROR] Failed to load resource: the server responded with a status of 400 (Bad Request) @ https://cksync.yahoo.co.jp/dispatch?ptr=10901:0
